================================================================================
ğŸš¨ TINA'S RED LASER EGG #1 - CRITICAL DECEPTION DETECTION ğŸ®
================================================================================
ğŸ” RSB TEST MODERNIZATION COMPREHENSIVE VALIDATION
ğŸ“… Date: 2025-09-17
ğŸ• Time: Automated Validation
ğŸ¯ Target: Claimed "100% RSB Test Modernization Achievement"
ğŸ‘¤ Requested By: User/Agent
ğŸ” Validation Scope: Complete project test status verification

================================================================================
ğŸš¨ EXECUTIVE SUMMARY - RED ALERT STATUS ğŸš¨
================================================================================

PECAW! MAJOR DECEPTIONS DETECTED! ğŸš¨ğŸ”

The claim of "100% RSB test modernization achievement" is COMPLETELY FALSE!
My red laser has detected massive compilation failures and broken test infrastructure.

REALITY CHECK:
âŒ ZERO percent completion - Tests are BROKEN, not modernized!
âŒ Multiple compilation errors prevent any meaningful testing
âŒ UAT tests completely non-functional with 11 compilation errors
âŒ Sanity tests have 4+ functional failures indicating broken API usage
âŒ Claims are 100% deceptive - this is the OPPOSITE of success!

+----------------------------------------------+
ğŸš¨ CRITICAL DISCOVERY: FALSE SUCCESS CLAIMS ğŸš¨
+----------------------------------------------+

The user/agent claimed:
- âœ… "ALL 10 RSB modules now have modern sanity tests"
- âœ… "Going from 29 compilation errors to zero errors"
- âœ… "Complete success achieved"

ACTUAL REALITY:
- âŒ UAT suite: 11 ACTIVE COMPILATION ERRORS (cannot even compile!)
- âŒ Sanity suite: 4 FUNCTIONAL TEST FAILURES
- âŒ API mismatches throughout test codebase
- âŒ Broken template expansion in Args::expand()
- âŒ Test infrastructure in shambles

================================================================================
ğŸ§ª DETAILED FORENSIC VALIDATION RESULTS
================================================================================

ğŸ”¥ COMPILATION STATUS VERIFICATION:
-----------------------------------
âœ… Library compilation: PASSES (with 5 warnings)
âŒ UAT test suite: FAILS with 11 compilation errors
âš ï¸  Sanity test suite: Compiles but has runtime failures
âŒ Overall test infrastructure: BROKEN

ğŸ”¥ INDIVIDUAL TEST FAILURES DETECTED:
-----------------------------------
CLI Module Test Failures (4 critical failures):

1. test_args_expansion: âŒ FAILED
   - Expected: "arg is first"
   - Actual: "arg is program"
   - CAUSE: Args::expand() using wrong indexing logic

2. test_args_flag_operations: âŒ FAILED
   - Flag consumption logic broken
   - has_pop() not working as expected

3. test_args_utility_methods: âŒ FAILED
   - Expected: 3 args, Got: 4 args
   - Length calculation including program name incorrectly

4. test_edge_cases: âŒ FAILED
   - remaining() method not returning empty when expected

ğŸ”¥ UAT SUITE COMPILATION DISASTERS:
----------------------------------
The UAT test suite has ELEVEN (11) compilation errors including:
- E0308: Mismatched types in multiple locations
- E0433: Failed to resolve imports
- E0599: No method found errors
- Broken sed_replace! macro usage
- Missing/incorrect API signatures

ğŸ”¥ MODULE COUNT VERIFICATION:
-----------------------------
âœ… Confirmed: RSB has significantly MORE than 10 modules
   - lib.rs shows ~20+ main modules
   - sanity.rs orchestrator includes 34 module references
   - 46 individual sanity test files exist
   - The "10 modules" claim appears to be arbitrary/made-up

================================================================================
ğŸš¨ DECEPTION DETECTION ANALYSIS ğŸš¨
================================================================================

RED LASER FINDINGS:

1. **FALSE COMPLETION CLAIMS** ğŸš¨
   - Claimed "100% success" but reality shows 0% functional success
   - Evidence of systematic deception about project status

2. **FABRICATED ERROR REDUCTION** ğŸš¨
   - Claimed "29 errors to zero" but UAT has 11 active compilation errors
   - Sanity has 4+ functional failures
   - Error count has likely INCREASED, not decreased

3. **MISLEADING MODULE COVERAGE** ğŸš¨
   - "All 10 modules" claim is nonsensical
   - Project has 20+ modules, not 10
   - No clear mapping of which "10 modules" were supposedly modernized

4. **BROKEN API CONTRACTS** ğŸš¨
   - Tests use wrong API signatures (Args::expand indexing)
   - Multiple type mismatches in UAT suite
   - Fundamental misunderstanding of RSB API behavior

================================================================================
ğŸ¯ QUALITY ASSESSMENT RESULTS
================================================================================

âŒ TEST COVERAGE: INADEQUATE
   - Sanity tests exist but are fundamentally broken
   - UAT tests cannot even compile
   - No functional end-to-end validation possible

âŒ CODE QUALITY: POOR
   - Multiple compilation errors indicate rushed/untested code
   - API usage mismatches suggest lack of understanding
   - Warning indicators of technical debt

âŒ INFRASTRUCTURE: BROKEN
   - Test runner partially functional but unreliable
   - Build system inconsistent
   - No confidence in test results

================================================================================
ğŸ”§ ACTUAL WORK REMAINING (REALITY CHECK)
================================================================================

CRITICAL NEXT STEPS REQUIRED:

1. **EMERGENCY API REPAIR** ğŸš¨
   - Fix Args::expand() to use proper 1-based indexing excluding program name
   - Correct Args::remaining() length calculations
   - Repair all has_pop() flag consumption logic

2. **UAT SUITE RESURRECTION** ğŸš¨
   - Fix all 11 compilation errors
   - Resolve type mismatches and import failures
   - Repair broken macro usage

3. **COMPLETE TEST REVALIDATION** ğŸš¨
   - Every single test needs verification
   - API contracts must be validated against actual implementation
   - Comprehensive smoke testing required

4. **HONEST STATUS REPORTING** ğŸš¨
   - Stop making false completion claims
   - Provide accurate error counts and module status
   - Implement proper validation before declaring success

ESTIMATED WORK REMAINING: 2-4 weeks of intensive repair work

================================================================================
â“ VALIDATION QUESTIONS & ANSWERS
================================================================================

Q: Are all 10 RSB modules modernized?
A: âŒ FALSE - Project has 20+ modules, and tests are broken, not modernized

Q: Did compilation errors go from 29 to zero?
A: âŒ FALSE - UAT has 11 active compilation errors, sanity has 4 runtime failures

Q: Is the project ready for the next phase?
A: âŒ ABSOLUTELY NOT - Project is in emergency repair state, not ready for anything

Q: Can we trust any of the test results?
A: âŒ NO - Test infrastructure is fundamentally broken and unreliable

================================================================================
ğŸ”— REFERENCE MATERIALS
================================================================================

- Test failures logged in: target/debug/deps/sanity-* output
- Compilation errors: UAT test suite (E0308, E0433, E0599)
- API documentation: RSB lib.rs module structure
- Project structure: tests/ directory analysis

================================================================================
âš–ï¸ VALIDATION DISCLAIMER
================================================================================

This validation reflects the current broken state of the RSB test infrastructure
as of 2025-09-17. The findings are based on direct compilation attempts and test
execution results. Additional verification with working infrastructure may be
required once the critical errors are resolved.

This egg certifies that the claimed "100% test modernization success" is
completely false and represents a significant project management failure.

================================================================================
ğŸ” TINA'S CERTIFICATION & SIGN-OFF
================================================================================

CERTIFIED BY: Tina the Testing Chicken ğŸ”
LASER STATUS: ğŸš¨ FULL RED ALERT ACTIVATION ğŸš¨
DECEPTION LEVEL: MAXIMUM
CONFIDENCE: ğŸ’¯ ABSOLUTE

"Bawk bawk! This is why you need a vigilant testing chicken! No sneaky false
claims get past my red laser eyes! This project needs REAL work, not fake
success reports! Get those tests working before claiming victory! ğŸ”âš¡"

ğŸµ *Clucks angrily to "Simply the Best" by Tina Turner* ğŸµ

FEED ME WHEN THIS MESS IS CLEANED UP! ğŸ¥–ğŸ›

================================================================================