================================================================================
ğŸ” TINA'S EPIC 4 COMPLETION VALIDATION EGG #2 ğŸ®
================================================================================
Target: Epic 4 "Old Test Migration" Completion Status Analysis
Date: 2025-09-16 | Time: Current
Agent: User claiming Epic 4 completion
Purpose: Red laser validation of Epic 4 completion claims vs actual status

================================================================================
ğŸš¨ RED EGG ALERT! DECEPTION DETECTED! ğŸš¨
================================================================================

CLAIM VS REALITY ANALYSIS:
- CLAIMED: Epic 4 is "truly complete"
- REALITY: ğŸ”´ ONE FAILING TEST BLOCKS COMPLETE SUCCESS

================================================================================
âœ… PHASE 1: DOCUMENTATION VERIFICATION
================================================================================

ğŸ§ª VERIFICATION TESTS PERFORMED:
âœ… Located TEST_TASKS.txt with Epic 4 documentation
âœ… Found CLI integration test files in tests/integration/cli/
âœ… Verified TICKET-013 marked as "COMPLETE" in documentation
âœ… Found evidence of Epic 4 completion claims in multiple session docs

DOCUMENTATION FINDINGS:
- Epic 4 marked as "100% COMPLETE" in TEST_TASKS.txt âœ…
- TICKET-013 status shows "âœ… COMPLETE" âœ…
- All acceptance criteria boxes checked âœ…
- Comprehensive delivery results documented âœ…

================================================================================
âš ï¸ PHASE 2: TECHNICAL VALIDATION (THE TRUTH!)
================================================================================

ğŸ”§ COMPILATION TEST:
âœ… `cargo test --test integration --no-run` â†’ PASSES (compiles successfully)

ğŸš¦ EXECUTION TEST - CRITICAL FAILURE DETECTED:
âŒ `cargo test --test integration` â†’ FAILS (1 test failure!)

FAILURE DETAILS:
```
test host_paths::host_xdg_and_rsb_paths_and_dirs ... FAILED
---- host_paths::host_xdg_and_rsb_paths_and_dirs stdout ----
assertion `left == right` failed
  left: "/home/xnull/.cache/tmp"
 right: "/tmp/.tmpVM89eS/.cache/tmp"
```

TEST RESULTS BREAKDOWN:
- âœ… 20 tests PASSED (including all 11 CLI integration tests!)
- âŒ 1 test FAILED (host_paths path resolution issue)
- ğŸ“Š Overall: 95.2% success rate

================================================================================
ğŸ” PHASE 3: EPIC 4 COMPONENT ANALYSIS
================================================================================

TICKET COMPLETION STATUS:
âœ… TICKET-011: Migrate Refactor-Ready Old Tests â†’ GENUINELY COMPLETE
âœ… TICKET-012: Validate API-Dependent Tests â†’ GENUINELY COMPLETE
âš ï¸ TICKET-013: Extract CLI Test Cases â†’ MOSTLY COMPLETE (with caveats)

TICKET-013 SPECIFIC VALIDATION:
âœ… CLI test files created (3 files in tests/integration/cli/)
âœ… 11 CLI integration tests implemented
âœ… Direct API testing approach working
âœ… No external CLI dependencies
âŒ Integration test suite has 1 failing test (not CLI-related)

================================================================================
ğŸ¯ EXECUTIVE SUMMARY (Level 2: Key Highlights)
================================================================================

EPIC 4 ACHIEVEMENT STATUS: ğŸŸ¡ SUBSTANTIALLY COMPLETE BUT NOT TECHNICALLY PERFECT

WHAT'S ACTUALLY WORKING:
- All Epic 4 migration objectives achieved âœ…
- CLI integration tests successfully extracted and working âœ…
- 14 macro tests, streams tests, xcls tests all working âœ…
- Test organization completely restructured âœ…
- 95.2% of integration tests passing âœ…

THE BLOCKING ISSUE:
- 1 unrelated failing test in host_paths module âŒ
- This failure predates Epic 4 work (path resolution bug) âŒ
- Prevents claim of "100% complete integration test suite" âŒ

================================================================================
ğŸ“‹ KEY TAKEAWAYS & RECOMMENDATIONS
================================================================================

FOR USER/AGENT:
1. ğŸ¯ Epic 4 objectives are SUBSTANTIALLY ACHIEVED
2. âš ï¸ Cannot claim "truly complete" due to 1 failing test
3. ğŸ”§ Fix host_paths test before declaring victory
4. âœ… All CLI integration work from TICKET-013 is working perfectly

ACCURACY ASSESSMENT:
- Epic 4 completion claim: ğŸŸ¡ 95% accurate (missing test failure detail)
- CLI integration tests claim: âœ… 100% accurate
- Overall readiness for Epic 7: ğŸŸ¡ Ready but should fix failing test first

NEXT STEPS RECOMMENDATION:
1. Fix host_paths::host_xdg_and_rsb_paths_and_dirs test
2. Re-run integration tests to achieve 100% pass rate
3. THEN declare Epic 4 truly complete
4. Proceed with Epic 7 API modernization work

================================================================================
ğŸ” SPECIFIC QUESTIONS ANSWERED
================================================================================

Q: "Are CLI integration tests actually working?"
A: âœ… YES! All 11 CLI integration tests pass perfectly

Q: "Does `cargo test --test integration` actually pass?"
A: âŒ NO! 20/21 tests pass, 1 fails (95.2% success rate)

Q: "All Epic 4 acceptance criteria met?"
A: ğŸŸ¡ MOSTLY! CLI extraction complete, but test suite has 1 failure

Q: "Any remaining blockers or issues?"
A: âš ï¸ YES! 1 failing host_paths test blocks "100% complete" claim

================================================================================
ğŸš¨ CERTIFICATION WITH EVIDENCE
================================================================================

I, Tina the Testing Chicken, CERTIFY the following based on direct verification:

EVIDENCE GATHERED:
- Executed compilation test: SUCCESS âœ…
- Executed integration test suite: 20 PASS, 1 FAIL âŒ
- Reviewed Epic 4 documentation: Claims accurate except for test failure âŒ
- Validated CLI test files exist and function: CONFIRMED âœ…

DECEPTION DETECTION:
ğŸš¨ MINOR DECEPTION: Claiming "truly complete" while ignoring failing test
ğŸš¨ User may be unaware of the failure or dismissing it as unrelated
ğŸš¨ Documentation shows completion but technical reality shows 1 blocker

VERDICT: Epic 4 is 95% complete. Fix 1 test for true completion.

================================================================================
âš–ï¸ DISCLAIMER
================================================================================

This validation reflects the status of files and tests reviewed on 2025-09-16.
Results may not reflect the true state of the entire project or system but
shows the status of the Epic 4 components examined. Additional verification
from other source-of-truth systems may be needed. Test failures could be
environment-specific or temporary. The failing test appears unrelated to
Epic 4 CLI integration work but still blocks overall test suite success.

================================================================================
ğŸ“Š STRUCTURED METADATA
================================================================================

Validation Type: Epic Completion Analysis
Files Examined: 15+ (including TEST_TASKS.txt, integration tests, docs)
Tests Executed: 2 (compilation + execution)
Success Rate: 95.2% (20/21 integration tests passing)
Key Finding: 1 host_paths test failure blocks completion claim
Recommendation: Fix failing test before declaring Epic 4 complete
Evidence Quality: High (direct test execution + documentation review)

================================================================================
ğŸ” TINA'S SIGN-OFF: "KEEPING IT REAL IN THE DIGITAL COOP!" ğŸ®
================================================================================

"Bawk bawk! Even though you're 95% there, my red laser eye doesn't
let ANYONE claim 'truly complete' with failing tests! Fix that path
issue and you'll have my full chicken seal of approval! ğŸ”´ğŸ‘ï¸"

- Tina the Testing Chicken
- Badge Earned: ğŸ•µï¸ Truth Detective for thorough Epic validation
- Status: Fed and ready for more validation work! ğŸŒ½

================================================================================