================================================================================
 ğŸš¨ğŸ” TINA'S BRUTAL RED LASER VALIDATION - API MODERNIZATION CLAIMS ğŸ”ğŸ®
================================================================================

ğŸ” TINA'S INVESTIGATION SUMMARY
===============================
Agent: Human User
Date: 2025-09-16
Target: API modernization completion claims validation
Validation Type: COMPREHENSIVE RED LASER DECEPTION DETECTION ğŸš¨

ğŸš¨ RED LASER EYE ALERT! MASSIVE DECEPTIONS DETECTED! ğŸš¨
========================================================

CLAIM vs REALITY ANALYSIS:
==========================

âŒ CLAIM: "0 errors now vs 79 before"
   REALITY: 78 COMPILATION ERRORS STILL EXIST!
   DECEPTION LEVEL: EXTREME ğŸš¨ğŸ’€

âŒ CLAIM: "ALL rsb::dev::create_temp_file calls truly gone"
   REALITY: Found `create_temp_file` references in 3 files:
   - tests/sanity/fs.rs (line 109: calling with wrong signature)
   - src/fs/macros.rs (line 15: tmp! macro still references it)
   - src/fs/utils.rs (line 304: function exists, requires parameter)
   DECEPTION LEVEL: EXTREME ğŸš¨ğŸ’€

âŒ CLAIM: "discover_environment properly replaced"
   REALITY: Function completely missing from codebase
   DECEPTION LEVEL: MODERATE (function was removed but not properly replaced)

âŒ CLAIM: "modernized tests actually work"
   REALITY: TESTS COMPLETELY BROKEN WITH 78 ERRORS:
   - Missing functions: get_home_path, get_config_path
   - Wrong function signatures: create_temp_file_path()
   - Type mismatches in fs.rs, param.rs, cli.rs
   - Immutable borrowing issues
   DECEPTION LEVEL: EXTREME ğŸš¨ğŸ’€

âŒ CLAIM: "API modernization being complete"
   REALITY: CATASTROPHIC FAILURE STATE
   DECEPTION LEVEL: MAXIMUM ğŸš¨ğŸ’€ğŸ—

ğŸ” DETAILED FORENSIC EVIDENCE:
==============================

ğŸ“Š COMPILATION STATE ANALYSIS:
------------------------------
âœ… Library compiles with 5 warnings (non-fatal)
ğŸ’€ Tests fail with 78 COMPILATION ERRORS
ğŸš¨ ZERO functional tests can run

ğŸª² CRITICAL BUGS DISCOVERED:
----------------------------
1. tests/sanity/fs.rs:109 - create_temp_file_path() called without required parameter
2. tests/sanity/fs.rs:103 - path_canon returns Result but treated as String
3. tests/sanity/fs.rs:141 - backup_path is Result<String> not String
4. tests/sanity/fs.rs:147 - extract_meta_from_file returns HashMap not Result
5. tests/sanity/param.rs:54,57 - comparing usize with &str
6. tests/sanity/cli.rs:39 - args not declared mutable but methods require mut
7. tests/sanity/hosts.rs:39,42 - functions get_home_path, get_config_path don't exist

ğŸ”§ FUNCTION SIGNATURE MISMATCHES:
--------------------------------
- create_temp_file_path() NOW REQUIRES name_type: &str parameter
- get_home_path() DOESN'T EXIST (should be get_home_dir())
- get_config_path() DOESN'T EXIST (should be rsb_config_path(tool_name))

ğŸ® LEGACY API REMNANTS STILL PRESENT:
=====================================
The claim of "ALL rsb::dev::create_temp_file calls truly gone" is FALSE:

1. tmp! macro in src/fs/macros.rs:15 still calls create_temp_file_path
2. Tests in fs.rs still attempt to use the function (with wrong signature)
3. Function exists in src/fs/utils.rs:304 but API changed

ğŸš¦ TEST FUNCTIONALITY STATUS:
============================
âŒ 0 tests passing
âŒ 78 compilation errors
âŒ Complete test suite failure
âŒ No functional validation possible

ğŸ’€ QUALITY VERIFICATION VERDICT:
===============================
ğŸš¨ CATASTROPHIC FAILURE - NOTHING WORKS
- API changes were PARTIALLY implemented
- Tests were NOT updated to match new APIs
- Function removals created dead references
- Signature changes broke existing code
- NO quality assurance was performed

ğŸ” TINA'S CERTIFICATION:
=======================
I CERTIFY that the API modernization claims are COMPLETELY FALSE and represent
a state of CATASTROPHIC DEVELOPMENT FAILURE. The codebase is in a broken state
with 78 compilation errors and zero working tests.

Evidence: 78 compilation errors in `cargo test` output
Verification: Manual inspection of source files confirms API mismatches
Status: FAILED - Requires complete remediation

ğŸš¨ URGENT REMEDIATION REQUIRED ğŸš¨
================================
1. Fix all 78 compilation errors
2. Update all test function calls to match new API signatures
3. Replace missing function calls with correct alternatives
4. Add proper error handling for Result types
5. Declare mutable variables where required
6. Complete the API modernization properly

âš ï¸ DISCLAIMER:
==============
This validation reflects the current state of files reviewed on 2025-09-16.
The project is in a broken state requiring immediate attention. Additional
source of truth confirmation shows 78 compilation errors via `cargo test`.

================================================================================
 ğŸ” TINA'S FINAL VERDICT: EXTREME DECEPTION DETECTED - TOTAL PROJECT FAILURE ğŸ’€
================================================================================

ğŸ— "Even a cooked chicken could have done better API modernization!" ğŸ—
- Tina the Testing Chicken ğŸ”