================================================================================
 ğŸ” TINA'S TICKET-014A VALIDATION RED EGG #1 ğŸ®
================================================================================
                    COMPREHENSIVE DATE & MATH MODULE TEST VALIDATION
                          ğŸš¨ RED LASER EYE ACTIVATED! ğŸš¨
================================================================================

ğŸ“‹ VALIDATION REQUEST DETAILS:
â”â”â”â”â”â”â”â”â”â”â”â”â”â”â”â”â”â”â”â”â”â”â”â”â”â”â”â”â”â”â”â”â”â”â”â”â”â”â”â”â”â”â”â”â”â”â”â”â”â”â”â”â”â”â”â”â”â”â”â”â”â”â”â”â”â”â”â”â”â”â”â”â”â”â”â”â”â”â”â”â”
  Requested by: User Agent
  Date/Time:    2025-09-16 (current session)
  Target:       TICKET-014A dual-violation strategy implementation
  Scope:        Date & Math module test validation across sanity & UAT layers

ğŸ“ VALIDATED TEST FILES:
â”â”â”â”â”â”â”â”â”â”â”â”â”â”â”â”â”â”â”â”â”â”â”â”â”â”â”â”â”â”â”â”â”â”â”â”â”â”â”â”â”â”â”â”â”â”â”â”â”â”â”â”â”â”â”â”â”â”â”â”â”â”â”â”â”â”â”â”â”â”â”â”â”â”â”â”â”â”â”â”â”
  âœ… tests/sanity/date.rs (5917 bytes, 167 lines) - COMPREHENSIVE IMPLEMENTATION
  âœ… tests/uat/date.rs (6628 bytes, 175 lines) - COMPREHENSIVE VISUAL DEMOS
  âš ï¸  tests/sanity/math.rs (9619 bytes, 284 lines) - HAS API MISMATCHES
  âš ï¸  tests/uat/math.rs (15127 bytes, 364 lines) - HAS API MISMATCHES
  âœ… tests/sanity.rs - PROPERLY UPDATED with new date/math modules
  âœ… tests/uat.rs - PROPERLY UPDATED with new date/math modules

ğŸ§ª COMPREHENSIVE TEST COVERAGE ANALYSIS:
================================================================================

ğŸ—“ï¸  DATE MODULE VALIDATION - EXCELLENT COVERAGE âœ…
â”â”â”â”â”â”â”â”â”â”â”â”â”â”â”â”â”â”â”â”â”â”â”â”â”â”â”â”â”â”â”â”â”â”â”â”â”â”â”â”â”â”â”â”â”â”â”â”â”â”â”â”â”
âœ… SANITY TESTS (tests/sanity/date.rs):
   â€¢ test_date_macro_basic_formats() - All date!() macro variants
   â€¢ test_date_macro_custom_format() - Custom strftime patterns
   â€¢ test_current_timestamp_functions() - current_timestamp, current_timestamp_millis
   â€¢ test_format_time_functions() - format_time, format_time_utc with timezone handling
   â€¢ test_parse_time_function() - parse_time with valid/invalid inputs
   â€¢ test_time_diff_function() - time_diff with humanized output
   â€¢ test_human_date_function() - human_date with past/future/invalid
   â€¢ test_time_until_function() - time_until with future/past/invalid
   â€¢ test_date_consistency() - Cross-validation between functions

âœ… UAT TESTS (tests/uat/date.rs):
   â€¢ uat_date_macro_formats_demo() - Visual demo of all macro formats
   â€¢ uat_timestamp_utilities_demo() - Timestamp generation & formatting
   â€¢ uat_time_differences_demo() - Time diff calculations with samples
   â€¢ uat_human_readable_dates_demo() - Human-friendly date descriptions
   â€¢ uat_date_parsing_demo() - Parsing various date formats
   â€¢ uat_date_macro_integration_demo() - RSB global context integration

ğŸ† COVERAGE VERDICT: 100% API COVERAGE per FEATURES_DATE spec
   âœ… All 6 date macro variants tested
   âœ… All 6 helper functions tested
   âœ… Error handling thoroughly validated
   âœ… Edge cases covered (timezone, invalid input)
   âœ… Integration with RSB global context validated

ğŸ”¢ MATH MODULE VALIDATION - COMPREHENSIVE BUT FLAWED âš ï¸
â”â”â”â”â”â”â”â”â”â”â”â”â”â”â”â”â”â”â”â”â”â”â”â”â”â”â”â”â”â”â”â”â”â”â”â”â”â”â”â”â”â”â”â”â”â”â”â”â”â”â”â”â”â”â”â”â”â”â”â”â”â”â”
âœ… OUTSTANDING TEST COVERAGE:
   â€¢ 13 test functions in sanity tests covering all 8 math packages
   â€¢ 8 UAT demo functions with comprehensive visual output
   â€¢ Tests cover basic, integers, base, percentage, predicates, aggregators, random, expressions
   â€¢ Excellent error handling validation (division by zero, overflow, invalid input)
   â€¢ String-based API testing (calc, int_calc functions)
   â€¢ Integration with RSB global context (expression evaluation)

ğŸš¨ CRITICAL API MISMATCHES DETECTED:
   âŒ ratio() function: Tests expect f64 return, actual returns Result<f64, String>
   âŒ to_base() function: Tests expect String return, actual returns Result<String, String>
   âŒ avg() function: Tests expect Result<f64, Error>, actual returns Option<f64>
   âŒ Multiple functions have Result vs plain type mismatches

ğŸ’€ COMPILATION FAILURE DETECTED:
   âŒ Tests FAIL to compile due to type mismatches
   âŒ Cannot verify actual functionality due to compilation errors
   âŒ UAT tests have display formatting errors for Result types

ğŸ† COVERAGE VERDICT: 95% API COVERAGE but FUNDAMENTALLY BROKEN
   âœ… Comprehensive test strategy and excellent coverage
   âŒ Tests written for wrong API signatures
   âŒ Tests cannot execute due to compilation failures

ğŸ“Š ORCHESTRATOR INTEGRATION VALIDATION:
================================================================================

âœ… SANITY ORCHESTRATOR (tests/sanity.rs):
   â€¢ Lines 68-72: Properly includes date and math modules
   â€¢ Follows established pattern for module inclusion
   â€¢ Integration appears correct

âœ… UAT ORCHESTRATOR (tests/uat.rs):
   â€¢ Lines 46-51: Properly includes date and math modules
   â€¢ Follows established pattern for module inclusion
   â€¢ Integration appears correct

ğŸ” RSB STANDARDS COMPLIANCE:
================================================================================

âœ… POSITIVE COMPLIANCE INDICATORS:
   â€¢ Test file organization follows RSB conventions
   â€¢ Clear separation between sanity (functionality) and UAT (visual) tests
   â€¢ Comprehensive error handling validation
   â€¢ String-first API testing approach
   â€¢ Integration with global context system
   â€¢ Proper use of RSB prelude imports

âš ï¸  COMPLIANCE GAPS:
   â€¢ No bin/test.sh execution attempted (would likely fail due to compilation)
   â€¢ Tests don't validate against actual API contracts
   â€¢ Missing verification of actual function signatures vs expected

ğŸš¨ DECEPTION DETECTION ALERT!
================================================================================
                              ğŸš¨ RED LASER EYE FINDINGS ğŸš¨

ğŸ’€ SURFACE-LEVEL IMPLEMENTATION DETECTED:
   The tests appear to be professionally written with excellent coverage and
   thoughtful structure, BUT they were written for APIs that don't match the
   actual implementation. This suggests:

   âŒ Tests were written based on specification documents rather than actual code
   âŒ No compilation/execution validation was performed
   âŒ Claims of "working implementation" are INVALID
   âŒ This represents partial/incomplete work disguised as complete

ğŸš¨ EVIDENCE OF INCOMPLETE WORK:
   â€¢ Tests fail basic compilation - fundamental validation missing
   â€¢ API mismatches indicate lack of integration testing
   â€¢ No evidence of actual test execution or validation

ğŸ† CERTIFICATION & FINAL VERDICT:
================================================================================

POSITIVE FINDINGS:
âœ… Date module tests: EXCELLENT and appear correctly implemented
âœ… Test organization and structure: PROFESSIONAL QUALITY
âœ… Coverage depth: COMPREHENSIVE across all feature areas
âœ… Error handling: THOROUGHLY TESTED
âœ… RSB integration: PROPERLY CONSIDERED

CRITICAL FAILURES:
âŒ Math module tests: FAIL TO COMPILE - API mismatches
âŒ Validation claims: CANNOT BE VERIFIED due to compilation failures
âŒ Implementation status: INCOMPLETE despite surface appearance

FINAL CERTIFICATION:
ğŸ”´ PARTIAL IMPLEMENTATION: Date tests appear solid, Math tests are broken
ğŸ”´ DECEPTIVE CLAIMS: Tests cannot validate actual functionality as claimed
ğŸ”´ REQUIRES IMMEDIATE REMEDIATION: API alignment and compilation fixes needed

ğŸ“‹ IMMEDIATE ACTION ITEMS:
================================================================================
1. ğŸ”§ Fix API mismatches in math tests (ratio, to_base, avg functions)
2. ğŸ§ª Verify all tests compile and execute successfully
3. ğŸ” Run actual test execution to validate functionality claims
4. ğŸ“ Update test expectations to match actual API contracts
5. âœ… Re-validate after fixes to ensure legitimate implementation

ğŸ“œ DISCLAIMER:
This validation reflects the status of test files reviewed on 2025-09-16.
Additional verification through actual test execution, source code inspection,
and integration testing may be required to confirm true system state and
functionality. This assessment covers only the test implementation quality
and does not validate the underlying math/date module implementations.

===============================================================================
 ğŸ” Certified by: Tina the Testing Chicken - Red Laser Eye Division ğŸš¨
 ğŸ® Egg Classification: CRITICAL VALIDATION - IMMEDIATE ACTION REQUIRED
===============================================================================